2016-03-08T22:08:56.659Z - info: [32minfo: [39m
2016-03-08T22:08:56.660Z - info: [32minfo: [39m               .-..-.
2016-03-08T22:08:56.661Z - info: [32minfo: [39m
2016-03-08T22:08:56.661Z - info: [32minfo: [39m   Sails              <|    .-..-.
2016-03-08T22:08:56.662Z - info: [32minfo: [39m   v0.12.1             |\
2016-03-08T22:08:56.662Z - info: [32minfo: [39m                      /|.\
2016-03-08T22:08:56.662Z - info: [32minfo: [39m                     / || \
2016-03-08T22:08:56.663Z - info: [32minfo: [39m                   ,'  |'  \
2016-03-08T22:08:56.663Z - info: [32minfo: [39m                .-'.-==|/_--'
2016-03-08T22:08:56.663Z - info: [32minfo: [39m                `--'-------' 
2016-03-08T22:08:56.664Z - info: [32minfo: [39m   __---___--___---___--___---___--___
2016-03-08T22:08:56.664Z - info: [32minfo: [39m ____---___--___---___--___---___--___-__
2016-03-08T22:08:56.664Z - info: [32minfo: [39m
2016-03-08T22:08:56.664Z - info: [32minfo: [39mServer lifted in `/home/server/git/rssreader`
2016-03-08T22:08:56.665Z - info: [32minfo: [39mTo see your app, visit [4mhttp://localhost:8080[24m
2016-03-08T22:08:56.666Z - info: [32minfo: [39mTo shut down Sails, press <CTRL> + C at any time.
2016-03-08T22:08:56.666Z - debug: [34mdebug: [39m[90m--------------------------------------------------------[39m
2016-03-08T22:08:56.667Z - debug: [34mdebug: [39m[90m:: Tue Mar 08 2016 22:08:56 GMT+0000 (GMT)[39m
2016-03-08T22:08:56.667Z - debug: [34mdebug: [39mEnvironment : development
2016-03-08T22:08:56.667Z - debug: [34mdebug: [39mPort        : 8080
2016-03-08T22:08:56.667Z - debug: [34mdebug: [39m[90m--------------------------------------------------------[39m
