2016-01-01T16:43:41.022Z - verbose: [36mverbose: [39mwinston hook loaded successfully.
2016-01-01T16:43:41.736Z - verbose: [36mverbose: [39morm hook loaded successfully.
2016-01-01T16:43:41.742Z - verbose: [36mverbose: [39mpubsub hook loaded successfully.
2016-01-01T16:43:41.743Z - verbose: [36mverbose: [39mBuilt-in hooks are ready.
2016-01-01T16:43:41.744Z - verbose: [36mverbose: [39mInstantiating registry...
2016-01-01T16:43:41.747Z - verbose: [36mverbose: [39mLoading router...
2016-01-01T16:43:41.770Z - verbose: [36mverbose: [39mPolicy-controller bindings complete!
2016-01-01T16:43:42.199Z - verbose: [36mverbose: [39mGrunt :: [4mRunning "clean:dev" (clean) task[24m
Cleaning .tmp/public...[32mOK[39m

[4mRunning "jst:dev" (jst) task[24m
[31m>> [39mDestination not written because compiled files were empty.

[4mRunning "less:dev" (less) task[24m

[4mRunning "copy:dev" (copy) task[24m
2016-01-01T16:43:42.200Z - verbose: [36mverbose: [39mAll hooks were loaded successfully.
2016-01-01T16:43:42.200Z - verbose: [36mverbose: [39mStarting app at /home/server/git/rssreader...
2016-01-01T16:43:42.211Z - verbose: [36mverbose: [39mRunning the setup logic in `sails.config.bootstrap(cb)`...
2016-01-01T16:43:42.219Z - info: [32minfo: [39m
2016-01-01T16:43:42.221Z - info: [32minfo: [39m               .-..-.
2016-01-01T16:43:42.222Z - info: [32minfo: [39m
2016-01-01T16:43:42.223Z - info: [32minfo: [39m   Sails              <|    .-..-.
2016-01-01T16:43:42.223Z - info: [32minfo: [39m   v0.11.3             |\
2016-01-01T16:43:42.223Z - info: [32minfo: [39m                      /|.\
2016-01-01T16:43:42.224Z - info: [32minfo: [39m                     / || \
2016-01-01T16:43:42.225Z - info: [32minfo: [39m                   ,'  |'  \
2016-01-01T16:43:42.225Z - info: [32minfo: [39m                .-'.-==|/_--'
2016-01-01T16:43:42.226Z - info: [32minfo: [39m                `--'-------' 
2016-01-01T16:43:42.226Z - info: [32minfo: [39m   __---___--___---___--___---___--___
2016-01-01T16:43:42.226Z - info: [32minfo: [39m ____---___--___---___--___---___--___-__
2016-01-01T16:43:42.227Z - info: [32minfo: [39m
2016-01-01T16:43:42.228Z - info: [32minfo: [39mServer lifted in `/home/server/git/rssreader`
2016-01-01T16:43:42.231Z - info: [32minfo: [39mTo see your app, visit [4mhttp://localhost:8080[24m
2016-01-01T16:43:42.231Z - info: [32minfo: [39mTo shut down Sails, press <CTRL> + C at any time.
2016-01-01T16:43:42.233Z - debug: [34mdebug: [39m[90m--------------------------------------------------------[39m
2016-01-01T16:43:42.234Z - debug: [34mdebug: [39m[90m:: Fri Jan 01 2016 11:43:42 GMT-0500 (EST)[39m
2016-01-01T16:43:42.235Z - debug: [34mdebug: [39mEnvironment : development
2016-01-01T16:43:42.235Z - debug: [34mdebug: [39mPort        : 8080
2016-01-01T16:43:42.235Z - debug: [34mdebug: [39m[90m--------------------------------------------------------[39m
2016-01-01T16:43:42.239Z - verbose: [36mverbose: [39mGrunt :: Copied [36m32[39m files

[4mRunning "coffee:dev" (coffee) task[24m
2016-01-01T16:43:42.248Z - verbose: [36mverbose: [39mGrunt :: [4mRunning "sails-linker:devJsRelative" (sails-linker) task[24m
2016-01-01T16:43:42.299Z - verbose: [36mverbose: [39mGrunt :: padding length 4
2016-01-01T16:43:42.300Z - verbose: [36mverbose: [39mGrunt :: File "views/layout.ejs" updated.
2016-01-01T16:43:42.301Z - verbose: [36mverbose: [39mGrunt :: [4mRunning "sails-linker:devStylesRelative" (sails-linker) task[24m
2016-01-01T16:43:42.313Z - verbose: [36mverbose: [39mGrunt :: padding length 4
2016-01-01T16:43:42.314Z - verbose: [36mverbose: [39mGrunt :: File "views/layout.ejs" updated.
2016-01-01T16:43:42.315Z - verbose: [36mverbose: [39mGrunt :: [4mRunning "sails-linker:devTpl" (sails-linker) task[24m
2016-01-01T16:43:42.320Z - verbose: [36mverbose: [39mGrunt :: [4mRunning "sails-linker:devJsRelativeJade" (sails-linker) task[24m
2016-01-01T16:43:42.338Z - verbose: [36mverbose: [39mGrunt :: [4mRunning "sails-linker:devStylesRelativeJade" (sails-linker) task[24m
2016-01-01T16:43:42.342Z - verbose: [36mverbose: [39mGrunt :: [4mRunning "sails-linker:devTplJade" (sails-linker) task[24m
2016-01-01T16:43:42.344Z - verbose: [36mverbose: [39mGrunt :: [4mRunning "watch" task[24m
2016-01-01T16:43:42.345Z - verbose: [36mverbose: [39mGrunt :: Waiting...
2016-01-01T16:43:43.591Z - verbose: [36mverbose: [39msails-hook-sockets :: connected to Sails admin message bus.
2016-01-01T16:43:41.035Z - verbose: [36mverbose: [39mLoading adapter ( sails-mongo ) for genre  from `node_modules` directory...
2016-01-01T16:43:41.268Z - verbose: [36mverbose: [39mviews hook loaded successfully.
2016-01-01T16:43:41.283Z - verbose: [36mverbose: [39mSetting default Express view engine to ejs...
2016-01-01T16:43:41.289Z - verbose: [36mverbose: [39mStarting ORM...
2016-01-01T16:46:39.976Z - verbose: [36mverbose: [39mLowering sails...
2016-01-01T16:46:39.978Z - verbose: [36mverbose: [39mSent kill signal to child process (28563)...
2016-01-01T16:46:39.983Z - verbose: [36mverbose: [39mShutting down socket server...
2016-01-01T16:46:39.984Z - verbose: [36mverbose: [39mShutting down HTTP server...
2016-01-01T16:46:43.163Z - verbose: [36mverbose: [39mwinston hook loaded successfully.
2016-01-01T16:46:43.776Z - verbose: [36mverbose: [39morm hook loaded successfully.
2016-01-01T16:46:43.779Z - verbose: [36mverbose: [39mpubsub hook loaded successfully.
2016-01-01T16:46:43.780Z - verbose: [36mverbose: [39mBuilt-in hooks are ready.
2016-01-01T16:46:43.784Z - verbose: [36mverbose: [39mInstantiating registry...
2016-01-01T16:46:43.786Z - verbose: [36mverbose: [39mLoading router...
2016-01-01T16:46:43.813Z - verbose: [36mverbose: [39mPolicy-controller bindings complete!
2016-01-01T16:46:44.202Z - verbose: [36mverbose: [39mAll hooks were loaded successfully.
2016-01-01T16:46:44.202Z - verbose: [36mverbose: [39mStarting app at /home/server/git/rssreader...
2016-01-01T16:46:44.203Z - verbose: [36mverbose: [39mRunning the setup logic in `sails.config.bootstrap(cb)`...
2016-01-01T16:46:44.207Z - info: [32minfo: [39m
2016-01-01T16:46:44.208Z - info: [32minfo: [39m               .-..-.
2016-01-01T16:46:44.208Z - info: [32minfo: [39m
2016-01-01T16:46:44.208Z - info: [32minfo: [39m   Sails              <|    .-..-.
2016-01-01T16:46:44.208Z - info: [32minfo: [39m   v0.11.3             |\
2016-01-01T16:46:44.208Z - info: [32minfo: [39m                      /|.\
2016-01-01T16:46:44.208Z - info: [32minfo: [39m                     / || \
2016-01-01T16:46:44.209Z - info: [32minfo: [39m                   ,'  |'  \
2016-01-01T16:46:44.209Z - info: [32minfo: [39m                .-'.-==|/_--'
2016-01-01T16:46:44.209Z - info: [32minfo: [39m                `--'-------' 
2016-01-01T16:46:44.209Z - info: [32minfo: [39m   __---___--___---___--___---___--___
2016-01-01T16:46:44.209Z - info: [32minfo: [39m ____---___--___---___--___---___--___-__
2016-01-01T16:46:44.210Z - info: [32minfo: [39m
2016-01-01T16:46:44.210Z - info: [32minfo: [39mServer lifted in `/home/server/git/rssreader`
2016-01-01T16:46:44.211Z - info: [32minfo: [39mTo see your app, visit [4mhttp://localhost:8080[24m
2016-01-01T16:46:44.211Z - info: [32minfo: [39mTo shut down Sails, press <CTRL> + C at any time.
2016-01-01T16:46:44.212Z - debug: [34mdebug: [39m[90m--------------------------------------------------------[39m
2016-01-01T16:46:44.212Z - debug: [34mdebug: [39m[90m:: Fri Jan 01 2016 11:46:44 GMT-0500 (EST)[39m
2016-01-01T16:46:44.213Z - debug: [34mdebug: [39mEnvironment : development
2016-01-01T16:46:44.213Z - debug: [34mdebug: [39mPort        : 8080
2016-01-01T16:46:44.213Z - debug: [34mdebug: [39m[90m--------------------------------------------------------[39m
2016-01-01T16:46:44.302Z - verbose: [36mverbose: [39mGrunt :: [4mRunning "clean:dev" (clean) task[24m
2016-01-01T16:46:44.312Z - verbose: [36mverbose: [39mGrunt :: Cleaning .tmp/public...
2016-01-01T16:46:44.317Z - verbose: [36mverbose: [39mGrunt :: [32mOK[39m
2016-01-01T16:46:44.321Z - verbose: [36mverbose: [39mGrunt :: [4mRunning "jst:dev" (jst) task[24m
2016-01-01T16:46:44.327Z - verbose: [36mverbose: [39mGrunt :: [31m>> [39mDestination not written because compiled files were empty.
2016-01-01T16:46:44.328Z - verbose: [36mverbose: [39mGrunt :: [4mRunning "less:dev" (less) task[24m
2016-01-01T16:46:44.341Z - verbose: [36mverbose: [39mGrunt :: [4mRunning "copy:dev" (copy) task[24m
2016-01-01T16:46:44.384Z - verbose: [36mverbose: [39mGrunt :: Copied [36m32[39m files
2016-01-01T16:46:44.385Z - verbose: [36mverbose: [39mGrunt :: [4mRunning "coffee:dev" (coffee) task[24m
2016-01-01T16:46:44.394Z - verbose: [36mverbose: [39mGrunt :: [4mRunning "sails-linker:devJsRelative" (sails-linker) task[24m
2016-01-01T16:46:44.438Z - verbose: [36mverbose: [39mGrunt :: padding length 4
2016-01-01T16:46:44.439Z - verbose: [36mverbose: [39mGrunt :: File "views/layout.ejs" updated.
2016-01-01T16:46:44.440Z - verbose: [36mverbose: [39mGrunt :: [4mRunning "sails-linker:devStylesRelative" (sails-linker) task[24m
2016-01-01T16:46:44.453Z - verbose: [36mverbose: [39mGrunt :: padding length 4
2016-01-01T16:46:44.454Z - verbose: [36mverbose: [39mGrunt :: File "views/layout.ejs" updated.
2016-01-01T16:46:44.455Z - verbose: [36mverbose: [39mGrunt :: [4mRunning "sails-linker:devTpl" (sails-linker) task[24m
2016-01-01T16:46:44.471Z - verbose: [36mverbose: [39mGrunt :: [4mRunning "sails-linker:devJsRelativeJade" (sails-linker) task[24m
2016-01-01T16:46:44.479Z - verbose: [36mverbose: [39mGrunt :: [4mRunning "sails-linker:devStylesRelativeJade" (sails-linker) task[24m
2016-01-01T16:46:44.482Z - verbose: [36mverbose: [39mGrunt :: [4mRunning "sails-linker:devTplJade" (sails-linker) task[24m
2016-01-01T16:46:44.485Z - verbose: [36mverbose: [39mGrunt :: [4mRunning "watch" task[24m
2016-01-01T16:46:44.486Z - verbose: [36mverbose: [39mGrunt :: Waiting...
2016-01-01T16:46:44.645Z - verbose: [36mverbose: [39msails-hook-sockets :: connected to Sails admin message bus.
2016-01-01T16:46:43.175Z - verbose: [36mverbose: [39mLoading adapter ( sails-mongo ) for genre  from `node_modules` directory...
2016-01-01T16:46:43.346Z - verbose: [36mverbose: [39mviews hook loaded successfully.
2016-01-01T16:46:43.352Z - verbose: [36mverbose: [39mSetting default Express view engine to ejs...
2016-01-01T16:46:43.354Z - verbose: [36mverbose: [39mStarting ORM...
2016-01-01T16:48:42.048Z - verbose: [36mverbose: [39mLowering sails...
2016-01-01T16:48:42.049Z - verbose: [36mverbose: [39mSent kill signal to child process (28617)...
2016-01-01T16:48:42.054Z - verbose: [36mverbose: [39mShutting down socket server...
2016-01-01T16:48:42.055Z - verbose: [36mverbose: [39mShutting down HTTP server...
2016-01-01T16:50:06.502Z - verbose: [36mverbose: [39mwinston hook loaded successfully.
2016-01-01T16:50:07.207Z - verbose: [36mverbose: [39morm hook loaded successfully.
2016-01-01T16:50:07.210Z - verbose: [36mverbose: [39mpubsub hook loaded successfully.
2016-01-01T16:50:07.212Z - verbose: [36mverbose: [39mBuilt-in hooks are ready.
2016-01-01T16:50:07.216Z - verbose: [36mverbose: [39mInstantiating registry...
2016-01-01T16:50:07.217Z - verbose: [36mverbose: [39mLoading router...
2016-01-01T16:50:07.242Z - verbose: [36mverbose: [39mPolicy-controller bindings complete!
2016-01-01T16:50:07.771Z - verbose: [36mverbose: [39mGrunt :: [4mRunning "clean:dev" (clean) task[24m
Cleaning .tmp/public...[32mOK[39m

[4mRunning "jst:dev" (jst) task[24m
[31m>> [39mDestination not written because compiled files were empty.

[4mRunning "less:dev" (less) task[24m

[4mRunning "copy:dev" (copy) task[24m
Copied [36m32[39m files

[4mRunning "coffee:dev" (coffee) task[24m

[4mRunning "sails-linker:devJsRelative" (sails-linker) task[24m
2016-01-01T16:50:07.773Z - verbose: [36mverbose: [39mAll hooks were loaded successfully.
2016-01-01T16:50:07.773Z - verbose: [36mverbose: [39mStarting app at /home/server/git/rssreader...
2016-01-01T16:50:07.774Z - verbose: [36mverbose: [39mRunning the setup logic in `sails.config.bootstrap(cb)`...
2016-01-01T16:50:07.784Z - info: [32minfo: [39m
2016-01-01T16:50:07.785Z - info: [32minfo: [39m               .-..-.
2016-01-01T16:50:07.793Z - info: [32minfo: [39m
2016-01-01T16:50:07.793Z - info: [32minfo: [39m   Sails              <|    .-..-.
2016-01-01T16:50:07.793Z - info: [32minfo: [39m   v0.11.3             |\
2016-01-01T16:50:07.794Z - info: [32minfo: [39m                      /|.\
2016-01-01T16:50:07.794Z - info: [32minfo: [39m                     / || \
2016-01-01T16:50:07.795Z - info: [32minfo: [39m                   ,'  |'  \
2016-01-01T16:50:07.796Z - info: [32minfo: [39m                .-'.-==|/_--'
2016-01-01T16:50:07.796Z - info: [32minfo: [39m                `--'-------' 
2016-01-01T16:50:07.796Z - info: [32minfo: [39m   __---___--___---___--___---___--___
2016-01-01T16:50:07.796Z - info: [32minfo: [39m ____---___--___---___--___---___--___-__
2016-01-01T16:50:07.797Z - info: [32minfo: [39m
2016-01-01T16:50:07.798Z - info: [32minfo: [39mServer lifted in `/home/server/git/rssreader`
2016-01-01T16:50:07.799Z - info: [32minfo: [39mTo see your app, visit [4mhttp://localhost:8080[24m
2016-01-01T16:50:07.799Z - info: [32minfo: [39mTo shut down Sails, press <CTRL> + C at any time.
2016-01-01T16:50:07.800Z - debug: [34mdebug: [39m[90m--------------------------------------------------------[39m
2016-01-01T16:50:07.801Z - debug: [34mdebug: [39m[90m:: Fri Jan 01 2016 11:50:07 GMT-0500 (EST)[39m
2016-01-01T16:50:07.802Z - debug: [34mdebug: [39mEnvironment : development
2016-01-01T16:50:07.802Z - debug: [34mdebug: [39mPort        : 8080
2016-01-01T16:50:07.803Z - debug: [34mdebug: [39m[90m--------------------------------------------------------[39m
2016-01-01T16:50:07.828Z - verbose: [36mverbose: [39mGrunt :: padding length 4
2016-01-01T16:50:07.830Z - verbose: [36mverbose: [39mGrunt :: File "views/layout.ejs" updated.
2016-01-01T16:50:07.831Z - verbose: [36mverbose: [39mGrunt :: [4mRunning "sails-linker:devStylesRelative" (sails-linker) task[24m
2016-01-01T16:50:07.844Z - verbose: [36mverbose: [39mGrunt :: padding length 4
2016-01-01T16:50:07.845Z - verbose: [36mverbose: [39mGrunt :: File "views/layout.ejs" updated.
2016-01-01T16:50:07.845Z - verbose: [36mverbose: [39mGrunt :: [4mRunning "sails-linker:devTpl" (sails-linker) task[24m
2016-01-01T16:50:07.851Z - verbose: [36mverbose: [39mGrunt :: [4mRunning "sails-linker:devJsRelativeJade" (sails-linker) task[24m
2016-01-01T16:50:07.858Z - verbose: [36mverbose: [39mGrunt :: [4mRunning "sails-linker:devStylesRelativeJade" (sails-linker) task[24m
2016-01-01T16:50:07.864Z - verbose: [36mverbose: [39mGrunt :: [4mRunning "sails-linker:devTplJade" (sails-linker) task[24m
2016-01-01T16:50:07.868Z - verbose: [36mverbose: [39mGrunt :: [4mRunning "watch" task[24m
2016-01-01T16:50:07.869Z - verbose: [36mverbose: [39mGrunt :: Waiting...
2016-01-01T16:50:09.804Z - verbose: [36mverbose: [39msails-hook-sockets :: connected to Sails admin message bus.
2016-01-01T16:50:14.903Z - verbose: [36mverbose: [39mSending 404 ("Not Found") response
2016-01-01T16:50:24.452Z - verbose: [36mverbose: [39mRendering view: "homepage" (located @ "/home/server/git/rssreader/views/homepage")
2016-01-01T16:50:24.452Z - verbose: [36mverbose: [39m• using configured layout:: layout (located @ "/home/server/git/rssreader/views/layout")
2016-01-01T16:50:06.518Z - verbose: [36mverbose: [39mLoading adapter ( sails-mongo ) for genre  from `node_modules` directory...
2016-01-01T16:50:06.749Z - verbose: [36mverbose: [39mviews hook loaded successfully.
2016-01-01T16:50:06.761Z - verbose: [36mverbose: [39mSetting default Express view engine to ejs...
2016-01-01T16:50:06.771Z - verbose: [36mverbose: [39mStarting ORM...
2016-01-01T16:51:22.141Z - verbose: [36mverbose: [39mSending 404 ("Not Found") response
2016-01-01T18:13:15.889Z - verbose: [36mverbose: [39mLowering sails...
2016-01-01T18:13:15.891Z - verbose: [36mverbose: [39mSent kill signal to child process (28818)...
2016-01-01T18:13:15.895Z - verbose: [36mverbose: [39mShutting down socket server...
2016-01-01T18:13:15.896Z - verbose: [36mverbose: [39mShutting down HTTP server...
2016-01-01T18:13:15.925Z - verbose: [36mverbose: [39mHTTP server shut down successfully.
