2016-01-09T15:42:59.443Z - info: [32minfo: [39m
2016-01-09T15:42:59.445Z - info: [32minfo: [39m               .-..-.
2016-01-09T15:42:59.445Z - info: [32minfo: [39m
2016-01-09T15:42:59.446Z - info: [32minfo: [39m   Sails              <|    .-..-.
2016-01-09T15:42:59.446Z - info: [32minfo: [39m   v0.11.3             |\
2016-01-09T15:42:59.446Z - info: [32minfo: [39m                      /|.\
2016-01-09T15:42:59.446Z - info: [32minfo: [39m                     / || \
2016-01-09T15:42:59.446Z - info: [32minfo: [39m                   ,'  |'  \
2016-01-09T15:42:59.446Z - info: [32minfo: [39m                .-'.-==|/_--'
2016-01-09T15:42:59.446Z - info: [32minfo: [39m                `--'-------' 
2016-01-09T15:42:59.447Z - info: [32minfo: [39m   __---___--___---___--___---___--___
2016-01-09T15:42:59.456Z - info: [32minfo: [39m ____---___--___---___--___---___--___-__
2016-01-09T15:42:59.456Z - info: [32minfo: [39m
2016-01-09T15:42:59.456Z - info: [32minfo: [39mServer lifted in `/home/server/git/rssreader`
2016-01-09T15:42:59.457Z - info: [32minfo: [39mTo see your app, visit [4mhttp://localhost:8080[24m
2016-01-09T15:42:59.457Z - info: [32minfo: [39mTo shut down Sails, press <CTRL> + C at any time.
2016-01-09T15:42:59.457Z - debug: [34mdebug: [39m[90m--------------------------------------------------------[39m
2016-01-09T15:42:59.466Z - debug: [34mdebug: [39m[90m:: Sat Jan 09 2016 10:42:59 GMT-0500 (EST)[39m
2016-01-09T15:42:59.466Z - debug: [34mdebug: [39mEnvironment : development
2016-01-09T15:42:59.466Z - debug: [34mdebug: [39mPort        : 8080
2016-01-09T15:42:59.466Z - debug: [34mdebug: [39m[90m--------------------------------------------------------[39m
2016-01-09T15:48:26.224Z - info: [32minfo: [39m
2016-01-09T15:48:26.226Z - info: [32minfo: [39m               .-..-.
2016-01-09T15:48:26.227Z - info: [32minfo: [39m
2016-01-09T15:48:26.227Z - info: [32minfo: [39m   Sails              <|    .-..-.
2016-01-09T15:48:26.227Z - info: [32minfo: [39m   v0.11.3             |\
2016-01-09T15:48:26.227Z - info: [32minfo: [39m                      /|.\
2016-01-09T15:48:26.227Z - info: [32minfo: [39m                     / || \
2016-01-09T15:48:26.227Z - info: [32minfo: [39m                   ,'  |'  \
2016-01-09T15:48:26.228Z - info: [32minfo: [39m                .-'.-==|/_--'
2016-01-09T15:48:26.228Z - info: [32minfo: [39m                `--'-------' 
2016-01-09T15:48:26.228Z - info: [32minfo: [39m   __---___--___---___--___---___--___
2016-01-09T15:48:26.228Z - info: [32minfo: [39m ____---___--___---___--___---___--___-__
2016-01-09T15:48:26.228Z - info: [32minfo: [39m
2016-01-09T15:48:26.229Z - info: [32minfo: [39mServer lifted in `/home/server/git/rssreader`
2016-01-09T15:48:26.230Z - info: [32minfo: [39mTo see your app, visit [4mhttp://localhost:8080[24m
2016-01-09T15:48:26.230Z - info: [32minfo: [39mTo shut down Sails, press <CTRL> + C at any time.
2016-01-09T15:48:26.231Z - debug: [34mdebug: [39m[90m--------------------------------------------------------[39m
2016-01-09T15:48:26.231Z - debug: [34mdebug: [39m[90m:: Sat Jan 09 2016 10:48:26 GMT-0500 (EST)[39m
2016-01-09T15:48:26.231Z - debug: [34mdebug: [39mEnvironment : development
2016-01-09T15:48:26.231Z - debug: [34mdebug: [39mPort        : 8080
2016-01-09T15:48:26.231Z - debug: [34mdebug: [39m[90m--------------------------------------------------------[39m
2016-01-09T16:26:09.843Z - info: [32minfo: [39m
2016-01-09T16:26:09.844Z - info: [32minfo: [39m               .-..-.
2016-01-09T16:26:09.845Z - info: [32minfo: [39m
2016-01-09T16:26:09.845Z - info: [32minfo: [39m   Sails              <|    .-..-.
2016-01-09T16:26:09.845Z - info: [32minfo: [39m   v0.11.3             |\
2016-01-09T16:26:09.845Z - info: [32minfo: [39m                      /|.\
2016-01-09T16:26:09.845Z - info: [32minfo: [39m                     / || \
2016-01-09T16:26:09.845Z - info: [32minfo: [39m                   ,'  |'  \
2016-01-09T16:26:09.845Z - info: [32minfo: [39m                .-'.-==|/_--'
2016-01-09T16:26:09.845Z - info: [32minfo: [39m                `--'-------' 
2016-01-09T16:26:09.846Z - info: [32minfo: [39m   __---___--___---___--___---___--___
2016-01-09T16:26:09.846Z - info: [32minfo: [39m ____---___--___---___--___---___--___-__
2016-01-09T16:26:09.846Z - info: [32minfo: [39m
2016-01-09T16:26:09.846Z - info: [32minfo: [39mServer lifted in `/home/server/git/rssreader`
2016-01-09T16:26:09.847Z - info: [32minfo: [39mTo see your app, visit [4mhttp://localhost:8080[24m
2016-01-09T16:26:09.847Z - info: [32minfo: [39mTo shut down Sails, press <CTRL> + C at any time.
2016-01-09T16:26:09.848Z - debug: [34mdebug: [39m[90m--------------------------------------------------------[39m
2016-01-09T16:26:09.848Z - debug: [34mdebug: [39m[90m:: Sat Jan 09 2016 11:26:09 GMT-0500 (EST)[39m
2016-01-09T16:26:09.848Z - debug: [34mdebug: [39mEnvironment : development
2016-01-09T16:26:09.849Z - debug: [34mdebug: [39mPort        : 8080
2016-01-09T16:26:09.849Z - debug: [34mdebug: [39m[90m--------------------------------------------------------[39m
