2015-12-19T09:02:00.663Z - info: [32minfo: [39m
2015-12-19T09:02:00.664Z - info: [32minfo: [39m               .-..-.
2015-12-19T09:02:00.665Z - info: [32minfo: [39m
2015-12-19T09:02:00.665Z - info: [32minfo: [39m   Sails              <|    .-..-.
2015-12-19T09:02:00.665Z - info: [32minfo: [39m   v0.11.3             |\
2015-12-19T09:02:00.666Z - info: [32minfo: [39m                      /|.\
2015-12-19T09:02:00.666Z - info: [32minfo: [39m                     / || \
2015-12-19T09:02:00.666Z - info: [32minfo: [39m                   ,'  |'  \
2015-12-19T09:02:00.667Z - info: [32minfo: [39m                .-'.-==|/_--'
2015-12-19T09:02:00.667Z - info: [32minfo: [39m                `--'-------' 
2015-12-19T09:02:00.667Z - info: [32minfo: [39m   __---___--___---___--___---___--___
2015-12-19T09:02:00.667Z - info: [32minfo: [39m ____---___--___---___--___---___--___-__
2015-12-19T09:02:00.668Z - info: [32minfo: [39m
2015-12-19T09:02:00.668Z - info: [32minfo: [39mServer lifted in `/home/server/git/rssreader`
2015-12-19T09:02:00.669Z - info: [32minfo: [39mTo see your app, visit [4mhttp://localhost:8080[24m
2015-12-19T09:02:00.669Z - info: [32minfo: [39mTo shut down Sails, press <CTRL> + C at any time.
2015-12-19T09:02:04.873Z - info: [32minfo: [39mgenerateSeedList
2015-12-19T09:33:09.794Z - info: [32minfo: [39mgenerateSeedList
2015-12-19T09:33:16.043Z - info: [32minfo: [39m[ { name: 'Red Storm',
    url: 'Url',
    start: '177',
    lastChecked: '2015-12-19T09:33:16.028Z',
    type: 'Manga',
    check: false,
    viewed: false,
    createdAt: '2015-06-07T12:26:03.364Z',
    updateUrl: 'http://mangapark.me/manga/red-storm/s3/c177',
    id: '5574385b9bbb19d928f07e61' } ]
2015-12-19T09:33:16.050Z - info: [32minfo: [39m{ success: true, msg: 'Successfully updated count: 1 Manga' }
2015-12-19T09:33:16.446Z - info: [32minfo: [39m[]
2015-12-19T10:27:00.333Z - info: [32minfo: [39m
2015-12-19T10:27:00.334Z - info: [32minfo: [39m               .-..-.
2015-12-19T10:27:00.334Z - info: [32minfo: [39m
2015-12-19T10:27:00.335Z - info: [32minfo: [39m   Sails              <|    .-..-.
2015-12-19T10:27:00.335Z - info: [32minfo: [39m   v0.11.3             |\
2015-12-19T10:27:00.335Z - info: [32minfo: [39m                      /|.\
2015-12-19T10:27:00.336Z - info: [32minfo: [39m                     / || \
2015-12-19T10:27:00.336Z - info: [32minfo: [39m                   ,'  |'  \
2015-12-19T10:27:00.336Z - info: [32minfo: [39m                .-'.-==|/_--'
2015-12-19T10:27:00.336Z - info: [32minfo: [39m                `--'-------' 
2015-12-19T10:27:00.337Z - info: [32minfo: [39m   __---___--___---___--___---___--___
2015-12-19T10:27:00.337Z - info: [32minfo: [39m ____---___--___---___--___---___--___-__
2015-12-19T10:27:00.337Z - info: [32minfo: [39m
2015-12-19T10:27:00.338Z - info: [32minfo: [39mServer lifted in `/home/server/git/rssreader`
2015-12-19T10:27:00.339Z - info: [32minfo: [39mTo see your app, visit [4mhttp://localhost:8080[24m
2015-12-19T10:27:00.339Z - info: [32minfo: [39mTo shut down Sails, press <CTRL> + C at any time.
2015-12-19T10:27:11.338Z - info: [32minfo: [39m
2015-12-19T10:27:11.339Z - info: [32minfo: [39m               .-..-.
2015-12-19T10:27:11.339Z - info: [32minfo: [39m
2015-12-19T10:27:11.339Z - info: [32minfo: [39m   Sails              <|    .-..-.
2015-12-19T10:27:11.339Z - info: [32minfo: [39m   v0.11.3             |\
2015-12-19T10:27:11.340Z - info: [32minfo: [39m                      /|.\
2015-12-19T10:27:11.340Z - info: [32minfo: [39m                     / || \
2015-12-19T10:27:11.340Z - info: [32minfo: [39m                   ,'  |'  \
2015-12-19T10:27:11.340Z - info: [32minfo: [39m                .-'.-==|/_--'
2015-12-19T10:27:11.341Z - info: [32minfo: [39m                `--'-------' 
2015-12-19T10:27:11.341Z - info: [32minfo: [39m   __---___--___---___--___---___--___
2015-12-19T10:27:11.341Z - info: [32minfo: [39m ____---___--___---___--___---___--___-__
2015-12-19T10:27:11.342Z - info: [32minfo: [39m
2015-12-19T10:27:11.342Z - info: [32minfo: [39mServer lifted in `/home/server/git/rssreader`
2015-12-19T10:27:11.343Z - info: [32minfo: [39mTo see your app, visit [4mhttp://localhost:8080[24m
2015-12-19T10:27:11.343Z - info: [32minfo: [39mTo shut down Sails, press <CTRL> + C at any time.
