2016-01-01T16:43:42.219Z - info: [32minfo: [39m
2016-01-01T16:43:42.221Z - info: [32minfo: [39m               .-..-.
2016-01-01T16:43:42.222Z - info: [32minfo: [39m
2016-01-01T16:43:42.223Z - info: [32minfo: [39m   Sails              <|    .-..-.
2016-01-01T16:43:42.223Z - info: [32minfo: [39m   v0.11.3             |\
2016-01-01T16:43:42.224Z - info: [32minfo: [39m                      /|.\
2016-01-01T16:43:42.224Z - info: [32minfo: [39m                     / || \
2016-01-01T16:43:42.225Z - info: [32minfo: [39m                   ,'  |'  \
2016-01-01T16:43:42.226Z - info: [32minfo: [39m                .-'.-==|/_--'
2016-01-01T16:43:42.226Z - info: [32minfo: [39m                `--'-------' 
2016-01-01T16:43:42.226Z - info: [32minfo: [39m   __---___--___---___--___---___--___
2016-01-01T16:43:42.226Z - info: [32minfo: [39m ____---___--___---___--___---___--___-__
2016-01-01T16:43:42.227Z - info: [32minfo: [39m
2016-01-01T16:43:42.228Z - info: [32minfo: [39mServer lifted in `/home/server/git/rssreader`
2016-01-01T16:43:42.231Z - info: [32minfo: [39mTo see your app, visit [4mhttp://localhost:8080[24m
2016-01-01T16:43:42.231Z - info: [32minfo: [39mTo shut down Sails, press <CTRL> + C at any time.
2016-01-01T16:46:44.207Z - info: [32minfo: [39m
2016-01-01T16:46:44.208Z - info: [32minfo: [39m               .-..-.
2016-01-01T16:46:44.208Z - info: [32minfo: [39m
2016-01-01T16:46:44.208Z - info: [32minfo: [39m   Sails              <|    .-..-.
2016-01-01T16:46:44.208Z - info: [32minfo: [39m   v0.11.3             |\
2016-01-01T16:46:44.208Z - info: [32minfo: [39m                      /|.\
2016-01-01T16:46:44.208Z - info: [32minfo: [39m                     / || \
2016-01-01T16:46:44.209Z - info: [32minfo: [39m                   ,'  |'  \
2016-01-01T16:46:44.209Z - info: [32minfo: [39m                .-'.-==|/_--'
2016-01-01T16:46:44.209Z - info: [32minfo: [39m                `--'-------' 
2016-01-01T16:46:44.209Z - info: [32minfo: [39m   __---___--___---___--___---___--___
2016-01-01T16:46:44.209Z - info: [32minfo: [39m ____---___--___---___--___---___--___-__
2016-01-01T16:46:44.210Z - info: [32minfo: [39m
2016-01-01T16:46:44.210Z - info: [32minfo: [39mServer lifted in `/home/server/git/rssreader`
2016-01-01T16:46:44.211Z - info: [32minfo: [39mTo see your app, visit [4mhttp://localhost:8080[24m
2016-01-01T16:46:44.211Z - info: [32minfo: [39mTo shut down Sails, press <CTRL> + C at any time.
2016-01-01T16:50:07.784Z - info: [32minfo: [39m
2016-01-01T16:50:07.785Z - info: [32minfo: [39m               .-..-.
2016-01-01T16:50:07.793Z - info: [32minfo: [39m
2016-01-01T16:50:07.793Z - info: [32minfo: [39m   Sails              <|    .-..-.
2016-01-01T16:50:07.793Z - info: [32minfo: [39m   v0.11.3             |\
2016-01-01T16:50:07.794Z - info: [32minfo: [39m                      /|.\
2016-01-01T16:50:07.794Z - info: [32minfo: [39m                     / || \
2016-01-01T16:50:07.795Z - info: [32minfo: [39m                   ,'  |'  \
2016-01-01T16:50:07.796Z - info: [32minfo: [39m                .-'.-==|/_--'
2016-01-01T16:50:07.796Z - info: [32minfo: [39m                `--'-------' 
2016-01-01T16:50:07.796Z - info: [32minfo: [39m   __---___--___---___--___---___--___
2016-01-01T16:50:07.797Z - info: [32minfo: [39m ____---___--___---___--___---___--___-__
2016-01-01T16:50:07.797Z - info: [32minfo: [39m
2016-01-01T16:50:07.798Z - info: [32minfo: [39mServer lifted in `/home/server/git/rssreader`
2016-01-01T16:50:07.799Z - info: [32minfo: [39mTo see your app, visit [4mhttp://localhost:8080[24m
2016-01-01T16:50:07.799Z - info: [32minfo: [39mTo shut down Sails, press <CTRL> + C at any time.
