{"level":"info","message":"\u001b[32minfo: \u001b[39m","timestamp":"2015-12-16T20:46:06.787Z"}
{"level":"info","message":"\u001b[32minfo: \u001b[39m               .-..-.","timestamp":"2015-12-16T20:46:06.788Z"}
{"level":"info","message":"\u001b[32minfo: \u001b[39m","timestamp":"2015-12-16T20:46:06.788Z"}
{"level":"info","message":"\u001b[32minfo: \u001b[39m   Sails              <|    .-..-.","timestamp":"2015-12-16T20:46:06.789Z"}
{"level":"info","message":"\u001b[32minfo: \u001b[39m   v0.11.3             |\\","timestamp":"2015-12-16T20:46:06.789Z"}
{"level":"info","message":"\u001b[32minfo: \u001b[39m                      /|.\\","timestamp":"2015-12-16T20:46:06.790Z"}
{"level":"info","message":"\u001b[32minfo: \u001b[39m                     / || \\","timestamp":"2015-12-16T20:46:06.790Z"}
{"level":"info","message":"\u001b[32minfo: \u001b[39m                   ,'  |'  \\","timestamp":"2015-12-16T20:46:06.791Z"}
{"level":"info","message":"\u001b[32minfo: \u001b[39m                .-'.-==|/_--'","timestamp":"2015-12-16T20:46:06.791Z"}
{"level":"info","message":"\u001b[32minfo: \u001b[39m                `--'-------' ","timestamp":"2015-12-16T20:46:06.792Z"}
{"level":"info","message":"\u001b[32minfo: \u001b[39m   __---___--___---___--___---___--___","timestamp":"2015-12-16T20:46:06.795Z"}
{"level":"info","message":"\u001b[32minfo: \u001b[39m ____---___--___---___--___---___--___-__","timestamp":"2015-12-16T20:46:06.795Z"}
{"level":"info","message":"\u001b[32minfo: \u001b[39m","timestamp":"2015-12-16T20:46:06.796Z"}
{"level":"info","message":"\u001b[32minfo: \u001b[39mServer lifted in `/home/server/git/rssreader`","timestamp":"2015-12-16T20:46:06.796Z"}
{"level":"info","message":"\u001b[32minfo: \u001b[39mTo see your app, visit \u001b[4mhttp://127.0.0.1:8080\u001b[24m","timestamp":"2015-12-16T20:46:06.797Z"}
{"level":"info","message":"\u001b[32minfo: \u001b[39mTo shut down Sails, press <CTRL> + C at any time.","timestamp":"2015-12-16T20:46:06.798Z"}
{"level":"info","message":"\u001b[32minfo: \u001b[39m","timestamp":"2015-12-16T20:50:15.838Z"}
{"level":"info","message":"\u001b[32minfo: \u001b[39m               .-..-.","timestamp":"2015-12-16T20:50:15.839Z"}
{"level":"info","message":"\u001b[32minfo: \u001b[39m","timestamp":"2015-12-16T20:50:15.840Z"}
{"level":"info","message":"\u001b[32minfo: \u001b[39m   Sails              <|    .-..-.","timestamp":"2015-12-16T20:50:15.840Z"}
{"level":"info","message":"\u001b[32minfo: \u001b[39m   v0.11.3             |\\","timestamp":"2015-12-16T20:50:15.841Z"}
{"level":"info","message":"\u001b[32minfo: \u001b[39m                      /|.\\","timestamp":"2015-12-16T20:50:15.842Z"}
{"level":"info","message":"\u001b[32minfo: \u001b[39m                     / || \\","timestamp":"2015-12-16T20:50:15.842Z"}
{"level":"info","message":"\u001b[32minfo: \u001b[39m                   ,'  |'  \\","timestamp":"2015-12-16T20:50:15.842Z"}
{"level":"info","message":"\u001b[32minfo: \u001b[39m                .-'.-==|/_--'","timestamp":"2015-12-16T20:50:15.843Z"}
{"level":"info","message":"\u001b[32minfo: \u001b[39m                `--'-------' ","timestamp":"2015-12-16T20:50:15.843Z"}
{"level":"info","message":"\u001b[32minfo: \u001b[39m   __---___--___---___--___---___--___","timestamp":"2015-12-16T20:50:15.844Z"}
{"level":"info","message":"\u001b[32minfo: \u001b[39m ____---___--___---___--___---___--___-__","timestamp":"2015-12-16T20:50:15.844Z"}
{"level":"info","message":"\u001b[32minfo: \u001b[39m","timestamp":"2015-12-16T20:50:15.844Z"}
{"level":"info","message":"\u001b[32minfo: \u001b[39mServer lifted in `/home/server/git/rssreader`","timestamp":"2015-12-16T20:50:15.845Z"}
{"level":"info","message":"\u001b[32minfo: \u001b[39mTo see your app, visit \u001b[4mhttp://localhost:1337\u001b[24m","timestamp":"2015-12-16T20:50:15.846Z"}
{"level":"info","message":"\u001b[32minfo: \u001b[39mTo shut down Sails, press <CTRL> + C at any time.","timestamp":"2015-12-16T20:50:15.846Z"}
{"level":"info","message":"\u001b[32minfo: \u001b[39m","timestamp":"2015-12-16T20:57:20.322Z"}
{"level":"info","message":"\u001b[32minfo: \u001b[39m               .-..-.","timestamp":"2015-12-16T20:57:20.325Z"}
{"level":"info","message":"\u001b[32minfo: \u001b[39m","timestamp":"2015-12-16T20:57:20.326Z"}
{"level":"info","message":"\u001b[32minfo: \u001b[39m   Sails              <|    .-..-.","timestamp":"2015-12-16T20:57:20.326Z"}
{"level":"info","message":"\u001b[32minfo: \u001b[39m   v0.11.3             |\\","timestamp":"2015-12-16T20:57:20.326Z"}
{"level":"info","message":"\u001b[32minfo: \u001b[39m                      /|.\\","timestamp":"2015-12-16T20:57:20.326Z"}
{"level":"info","message":"\u001b[32minfo: \u001b[39m                     / || \\","timestamp":"2015-12-16T20:57:20.326Z"}
{"level":"info","message":"\u001b[32minfo: \u001b[39m                   ,'  |'  \\","timestamp":"2015-12-16T20:57:20.327Z"}
{"level":"info","message":"\u001b[32minfo: \u001b[39m                .-'.-==|/_--'","timestamp":"2015-12-16T20:57:20.327Z"}
{"level":"info","message":"\u001b[32minfo: \u001b[39m                `--'-------' ","timestamp":"2015-12-16T20:57:20.327Z"}
{"level":"info","message":"\u001b[32minfo: \u001b[39m   __---___--___---___--___---___--___","timestamp":"2015-12-16T20:57:20.329Z"}
{"level":"info","message":"\u001b[32minfo: \u001b[39m ____---___--___---___--___---___--___-__","timestamp":"2015-12-16T20:57:20.329Z"}
{"level":"info","message":"\u001b[32minfo: \u001b[39m","timestamp":"2015-12-16T20:57:20.329Z"}
{"level":"info","message":"\u001b[32minfo: \u001b[39mServer lifted in `/home/server/git/rssreader`","timestamp":"2015-12-16T20:57:20.330Z"}
{"level":"info","message":"\u001b[32minfo: \u001b[39mTo see your app, visit \u001b[4mhttp://localhost:1337\u001b[24m","timestamp":"2015-12-16T20:57:20.330Z"}
{"level":"info","message":"\u001b[32minfo: \u001b[39mTo shut down Sails, press <CTRL> + C at any time.","timestamp":"2015-12-16T20:57:20.331Z"}
{"level":"info","message":"\u001b[32minfo: \u001b[39m","timestamp":"2015-12-16T20:58:17.470Z"}
{"level":"info","message":"\u001b[32minfo: \u001b[39m               .-..-.","timestamp":"2015-12-16T20:58:17.471Z"}
{"level":"info","message":"\u001b[32minfo: \u001b[39m","timestamp":"2015-12-16T20:58:17.473Z"}
{"level":"info","message":"\u001b[32minfo: \u001b[39m   Sails              <|    .-..-.","timestamp":"2015-12-16T20:58:17.473Z"}
{"level":"info","message":"\u001b[32minfo: \u001b[39m   v0.11.3             |\\","timestamp":"2015-12-16T20:58:17.473Z"}
{"level":"info","message":"\u001b[32minfo: \u001b[39m                      /|.\\","timestamp":"2015-12-16T20:58:17.473Z"}
{"level":"info","message":"\u001b[32minfo: \u001b[39m                     / || \\","timestamp":"2015-12-16T20:58:17.474Z"}
{"level":"info","message":"\u001b[32minfo: \u001b[39m                   ,'  |'  \\","timestamp":"2015-12-16T20:58:17.474Z"}
{"level":"info","message":"\u001b[32minfo: \u001b[39m                .-'.-==|/_--'","timestamp":"2015-12-16T20:58:17.477Z"}
{"level":"info","message":"\u001b[32minfo: \u001b[39m                `--'-------' ","timestamp":"2015-12-16T20:58:17.477Z"}
{"level":"info","message":"\u001b[32minfo: \u001b[39m   __---___--___---___--___---___--___","timestamp":"2015-12-16T20:58:17.477Z"}
{"level":"info","message":"\u001b[32minfo: \u001b[39m ____---___--___---___--___---___--___-__","timestamp":"2015-12-16T20:58:17.478Z"}
{"level":"info","message":"\u001b[32minfo: \u001b[39m","timestamp":"2015-12-16T20:58:17.478Z"}
{"level":"info","message":"\u001b[32minfo: \u001b[39mServer lifted in `/home/server/git/rssreader`","timestamp":"2015-12-16T20:58:17.478Z"}
{"level":"info","message":"\u001b[32minfo: \u001b[39mTo see your app, visit \u001b[4mhttp://localhost/rssreader:1337\u001b[24m","timestamp":"2015-12-16T20:58:17.479Z"}
{"level":"info","message":"\u001b[32minfo: \u001b[39mTo shut down Sails, press <CTRL> + C at any time.","timestamp":"2015-12-16T20:58:17.480Z"}
{"level":"info","message":"\u001b[32minfo: \u001b[39m","timestamp":"2015-12-16T20:58:44.795Z"}
{"level":"info","message":"\u001b[32minfo: \u001b[39m               .-..-.","timestamp":"2015-12-16T20:58:44.802Z"}
{"level":"info","message":"\u001b[32minfo: \u001b[39m","timestamp":"2015-12-16T20:58:44.803Z"}
{"level":"info","message":"\u001b[32minfo: \u001b[39m   Sails              <|    .-..-.","timestamp":"2015-12-16T20:58:44.803Z"}
{"level":"info","message":"\u001b[32minfo: \u001b[39m   v0.11.3             |\\","timestamp":"2015-12-16T20:58:44.803Z"}
{"level":"info","message":"\u001b[32minfo: \u001b[39m                      /|.\\","timestamp":"2015-12-16T20:58:44.803Z"}
{"level":"info","message":"\u001b[32minfo: \u001b[39m                     / || \\","timestamp":"2015-12-16T20:58:44.803Z"}
{"level":"info","message":"\u001b[32minfo: \u001b[39m                   ,'  |'  \\","timestamp":"2015-12-16T20:58:44.804Z"}
{"level":"info","message":"\u001b[32minfo: \u001b[39m                .-'.-==|/_--'","timestamp":"2015-12-16T20:58:44.804Z"}
{"level":"info","message":"\u001b[32minfo: \u001b[39m                `--'-------' ","timestamp":"2015-12-16T20:58:44.804Z"}
{"level":"info","message":"\u001b[32minfo: \u001b[39m   __---___--___---___--___---___--___","timestamp":"2015-12-16T20:58:44.804Z"}
{"level":"info","message":"\u001b[32minfo: \u001b[39m ____---___--___---___--___---___--___-__","timestamp":"2015-12-16T20:58:44.804Z"}
{"level":"info","message":"\u001b[32minfo: \u001b[39m","timestamp":"2015-12-16T20:58:44.804Z"}
{"level":"info","message":"\u001b[32minfo: \u001b[39mServer lifted in `/home/server/git/rssreader`","timestamp":"2015-12-16T20:58:44.805Z"}
{"level":"info","message":"\u001b[32minfo: \u001b[39mTo see your app, visit \u001b[4mhttp://localhost/rssreader:1337\u001b[24m","timestamp":"2015-12-16T20:58:44.805Z"}
{"level":"info","message":"\u001b[32minfo: \u001b[39mTo shut down Sails, press <CTRL> + C at any time.","timestamp":"2015-12-16T20:58:44.806Z"}
{"level":"info","message":"\u001b[32minfo: \u001b[39m","timestamp":"2015-12-16T20:59:01.426Z"}
{"level":"info","message":"\u001b[32minfo: \u001b[39m               .-..-.","timestamp":"2015-12-16T20:59:01.435Z"}
{"level":"info","message":"\u001b[32minfo: \u001b[39m","timestamp":"2015-12-16T20:59:01.435Z"}
{"level":"info","message":"\u001b[32minfo: \u001b[39m   Sails              <|    .-..-.","timestamp":"2015-12-16T20:59:01.435Z"}
{"level":"info","message":"\u001b[32minfo: \u001b[39m   v0.11.3             |\\","timestamp":"2015-12-16T20:59:01.436Z"}
{"level":"info","message":"\u001b[32minfo: \u001b[39m                      /|.\\","timestamp":"2015-12-16T20:59:01.436Z"}
{"level":"info","message":"\u001b[32minfo: \u001b[39m                     / || \\","timestamp":"2015-12-16T20:59:01.437Z"}
{"level":"info","message":"\u001b[32minfo: \u001b[39m                   ,'  |'  \\","timestamp":"2015-12-16T20:59:01.437Z"}
{"level":"info","message":"\u001b[32minfo: \u001b[39m                .-'.-==|/_--'","timestamp":"2015-12-16T20:59:01.438Z"}
{"level":"info","message":"\u001b[32minfo: \u001b[39m                `--'-------' ","timestamp":"2015-12-16T20:59:01.438Z"}
{"level":"info","message":"\u001b[32minfo: \u001b[39m   __---___--___---___--___---___--___","timestamp":"2015-12-16T20:59:01.438Z"}
{"level":"info","message":"\u001b[32minfo: \u001b[39m ____---___--___---___--___---___--___-__","timestamp":"2015-12-16T20:59:01.439Z"}
{"level":"info","message":"\u001b[32minfo: \u001b[39m","timestamp":"2015-12-16T20:59:01.439Z"}
{"level":"info","message":"\u001b[32minfo: \u001b[39mServer lifted in `/home/server/git/rssreader`","timestamp":"2015-12-16T20:59:01.439Z"}
{"level":"info","message":"\u001b[32minfo: \u001b[39mTo see your app, visit \u001b[4mhttp://127.0.0.1/rssreader:1337\u001b[24m","timestamp":"2015-12-16T20:59:01.440Z"}
{"level":"info","message":"\u001b[32minfo: \u001b[39mTo shut down Sails, press <CTRL> + C at any time.","timestamp":"2015-12-16T20:59:01.441Z"}
{"level":"info","message":"\u001b[32minfo: \u001b[39m","timestamp":"2015-12-16T21:01:24.545Z"}
{"level":"info","message":"\u001b[32minfo: \u001b[39m               .-..-.","timestamp":"2015-12-16T21:01:24.547Z"}
{"level":"info","message":"\u001b[32minfo: \u001b[39m","timestamp":"2015-12-16T21:01:24.547Z"}
{"level":"info","message":"\u001b[32minfo: \u001b[39m   Sails              <|    .-..-.","timestamp":"2015-12-16T21:01:24.551Z"}
{"level":"info","message":"\u001b[32minfo: \u001b[39m   v0.11.3             |\\","timestamp":"2015-12-16T21:01:24.551Z"}
{"level":"info","message":"\u001b[32minfo: \u001b[39m                      /|.\\","timestamp":"2015-12-16T21:01:24.552Z"}
{"level":"info","message":"\u001b[32minfo: \u001b[39m                     / || \\","timestamp":"2015-12-16T21:01:24.552Z"}
{"level":"info","message":"\u001b[32minfo: \u001b[39m                   ,'  |'  \\","timestamp":"2015-12-16T21:01:24.552Z"}
{"level":"info","message":"\u001b[32minfo: \u001b[39m                .-'.-==|/_--'","timestamp":"2015-12-16T21:01:24.552Z"}
{"level":"info","message":"\u001b[32minfo: \u001b[39m                `--'-------' ","timestamp":"2015-12-16T21:01:24.553Z"}
{"level":"info","message":"\u001b[32minfo: \u001b[39m   __---___--___---___--___---___--___","timestamp":"2015-12-16T21:01:24.553Z"}
{"level":"info","message":"\u001b[32minfo: \u001b[39m ____---___--___---___--___---___--___-__","timestamp":"2015-12-16T21:01:24.553Z"}
{"level":"info","message":"\u001b[32minfo: \u001b[39m","timestamp":"2015-12-16T21:01:24.553Z"}
{"level":"info","message":"\u001b[32minfo: \u001b[39mServer lifted in `/home/server/git/rssreader`","timestamp":"2015-12-16T21:01:24.554Z"}
{"level":"info","message":"\u001b[32minfo: \u001b[39mTo see your app, visit \u001b[4mhttp://localhost:8080\u001b[24m","timestamp":"2015-12-16T21:01:24.555Z"}
{"level":"info","message":"\u001b[32minfo: \u001b[39mTo shut down Sails, press <CTRL> + C at any time.","timestamp":"2015-12-16T21:01:24.558Z"}
{"level":"info","message":"\u001b[32minfo: \u001b[39m[]","timestamp":"2015-12-16T22:09:39.467Z"}
{"level":"info","message":"\u001b[32minfo: \u001b[39m[]","timestamp":"2015-12-16T22:10:07.879Z"}
{"level":"info","message":"\u001b[32minfo: \u001b[39m[]","timestamp":"2015-12-16T22:12:03.361Z"}
{"level":"info","message":"\u001b[32minfo: \u001b[39m[]","timestamp":"2015-12-16T22:12:37.886Z"}
{"level":"info","message":"\u001b[32minfo: \u001b[39m[]","timestamp":"2015-12-16T22:13:15.395Z"}
